<?xml version="1.0" encoding="UTF-8"?>
<testng-results skipped="0" failed="0" ignored="0" total="1" passed="1">
  <reporter-output>
  </reporter-output>
  <suite name="Default suite" duration-ms="67" started-at="2018-04-24T14:15:56Z" finished-at="2018-04-24T14:15:56Z">
    <groups>
    </groups>
    <test name="Default test" duration-ms="67" started-at="2018-04-24T14:15:56Z" finished-at="2018-04-24T14:15:56Z">
      <class name="com.qa.test.LoginPageTest">
        <test-method status="PASS" signature="loginTest()[pri:0, instance:com.qa.test.LoginPageTest@3ffc5af1]" name="loginTest" duration-ms="24" started-at="2018-04-24T14:15:56Z" finished-at="2018-04-24T14:15:56Z">
          <reporter-output>
          </reporter-output>
        </test-method> <!-- loginTest -->
      </class> <!-- com.qa.test.LoginPageTest -->
    </test> <!-- Default test -->
  </suite> <!-- Default suite -->
</testng-results>
